

*******************************************************************************
Tue Jun 16 17:20:11 2020


FIT:    data read from "time1.txt"
        format = z
        #datapoints = 6
        residuals are weighted equally (unit weight)

function used for fitting: f(x)
	f(x) = (x/c)**3+c0
fitted parameters initialized with current variable values

iter      chisq       delta/lim  lambda   c             c0           
   0 4.2459311212e+12   0.00e+00  1.78e+06    1.000000e+00   1.000000e+00
  24 2.3097205328e-04  -4.85e-06  1.78e-18    2.613559e+02   1.953348e-02

After 24 iterations the fit converged.
final sum of squares of residuals : 0.000230972
rel. change during last iteration : -4.85387e-11

degrees of freedom    (FIT_NDF)                        : 4
rms of residuals      (FIT_STDFIT) = sqrt(WSSR/ndf)    : 0.00759888
variance of residuals (reduced chisquare) = WSSR/ndf   : 5.7743e-05

Final set of parameters            Asymptotic Standard Error
=======================            ==========================
c               = 261.356          +/- 21.88        (8.372%)
c0              = 0.0195335        +/- 0.01181      (60.47%)

correlation matrix of the fit parameters:
                c      c0     
c               1.000 
c0              0.965  1.000 


*******************************************************************************
Tue Jun 16 17:20:11 2020


FIT:    data read from "time2.txt"
        format = z
        #datapoints = 6
        residuals are weighted equally (unit weight)

function used for fitting: g(x)
	g(x) = (x/s)**3+s0
fitted parameters initialized with current variable values

iter      chisq       delta/lim  lambda   s             s0           
   0 2.3867460515e+14   0.00e+00  1.34e+07    1.000000e+00   1.000000e+00
  24 2.4144715835e-02  -1.29e-02  1.34e-17    3.257287e+02   6.012283e-02

After 24 iterations the fit converged.
final sum of squares of residuals : 0.0241447
rel. change during last iteration : -1.29171e-07

degrees of freedom    (FIT_NDF)                        : 4
rms of residuals      (FIT_STDFIT) = sqrt(WSSR/ndf)    : 0.0776929
variance of residuals (reduced chisquare) = WSSR/ndf   : 0.00603618

Final set of parameters            Asymptotic Standard Error
=======================            ==========================
s               = 325.729          +/- 33.14        (10.17%)
s0              = 0.0601228        +/- 0.05559      (92.46%)

correlation matrix of the fit parameters:
                s      s0     
s               1.000 
s0              0.821  1.000 


*******************************************************************************
Tue Jun 16 17:20:11 2020


FIT:    data read from "time3.txt"
        format = z
        #datapoints = 6
        residuals are weighted equally (unit weight)

function used for fitting: h(x)
	h(x) = (x/a)**3+a0
fitted parameters initialized with current variable values

iter      chisq       delta/lim  lambda   a             a0           
   0 6.9830856877e+09   0.00e+00  7.22e+04    1.000000e+00   1.000000e+00
  19 3.6344440380e-04  -1.70e-01  7.22e-15    7.744730e+01   8.947694e-03

After 19 iterations the fit converged.
final sum of squares of residuals : 0.000363444
rel. change during last iteration : -1.70326e-06

degrees of freedom    (FIT_NDF)                        : 4
rms of residuals      (FIT_STDFIT) = sqrt(WSSR/ndf)    : 0.00953211
variance of residuals (reduced chisquare) = WSSR/ndf   : 9.08611e-05

Final set of parameters            Asymptotic Standard Error
=======================            ==========================
a               = 77.4473          +/- 2.217        (2.863%)
a0              = 0.00894769       +/- 0.006294     (70.34%)

correlation matrix of the fit parameters:
                a      a0     
a               1.000 
a0              0.786  1.000 
