

*******************************************************************************
Tue Jun 16 12:38:16 2020


FIT:    data read from "rot1.txt"
        format = z
        #datapoints = 7
        residuals are weighted equally (unit weight)

function used for fitting: f(x)
	f(x) = (x/c)**3+c0
fitted parameters initialized with current variable values

iter      chisq       delta/lim  lambda   c             c0           
   0 1.0881819161e+13   0.00e+00  2.71e+06    1.000000e+00   1.000000e+00
  11 4.4471827122e+06  -1.50e-04  2.71e-05    3.632162e+00   9.090714e+03

After 11 iterations the fit converged.
final sum of squares of residuals : 4.44718e+06
rel. change during last iteration : -1.49858e-09

degrees of freedom    (FIT_NDF)                        : 5
rms of residuals      (FIT_STDFIT) = sqrt(WSSR/ndf)    : 943.099
variance of residuals (reduced chisquare) = WSSR/ndf   : 889437

Final set of parameters            Asymptotic Standard Error
=======================            ==========================
c               = 3.63216          +/- 0.03327      (0.9161%)
c0              = 9090.71          +/- 733.5        (8.069%)

correlation matrix of the fit parameters:
                c      c0     
c               1.000 
c0              0.874  1.000 


*******************************************************************************
Tue Jun 16 12:38:16 2020


FIT:    data read from "rot2.txt"
        format = z
        #datapoints = 7
        residuals are weighted equally (unit weight)

function used for fitting: g(x)
	g(x) = (x/s)**3+s0
fitted parameters initialized with current variable values

iter      chisq       delta/lim  lambda   s             s0           
   0 1.0594405465e+13   0.00e+00  2.71e+06    1.000000e+00   1.000000e+00
  11 1.3748977903e+07  -4.61e-05  2.71e-05    3.146563e+00   1.159704e+04

After 11 iterations the fit converged.
final sum of squares of residuals : 1.3749e+07
rel. change during last iteration : -4.61169e-10

degrees of freedom    (FIT_NDF)                        : 5
rms of residuals      (FIT_STDFIT) = sqrt(WSSR/ndf)    : 1658.25
variance of residuals (reduced chisquare) = WSSR/ndf   : 2.7498e+06

Final set of parameters            Asymptotic Standard Error
=======================            ==========================
s               = 3.14656          +/- 0.03295      (1.047%)
s0              = 11597            +/- 1290         (11.12%)

correlation matrix of the fit parameters:
                s      s0     
s               1.000 
s0              0.874  1.000 


*******************************************************************************
Tue Jun 16 12:38:18 2020


FIT:    data read from "time1.txt"
        format = z
        #datapoints = 7
        residuals are weighted equally (unit weight)

function used for fitting: f(x)
	f(x) = (x/c)**3+c0
fitted parameters initialized with current variable values

iter      chisq       delta/lim  lambda   c             c0           
   0 1.1495602406e+13   0.00e+00  2.71e+06    1.000000e+00   1.000000e+00
  24 3.2117256617e-04  -1.21e-05  2.71e-18    2.815485e+02   1.553107e-02

After 24 iterations the fit converged.
final sum of squares of residuals : 0.000321173
rel. change during last iteration : -1.2095e-10

degrees of freedom    (FIT_NDF)                        : 5
rms of residuals      (FIT_STDFIT) = sqrt(WSSR/ndf)    : 0.00801464
variance of residuals (reduced chisquare) = WSSR/ndf   : 6.42345e-05

Final set of parameters            Asymptotic Standard Error
=======================            ==========================
c               = 281.548          +/- 10.21        (3.626%)
c0              = 0.0155311        +/- 0.006234     (40.14%)

correlation matrix of the fit parameters:
                c      c0     
c               1.000 
c0              0.874  1.000 


*******************************************************************************
Tue Jun 16 12:38:18 2020


FIT:    data read from "time2.txt"
        format = z
        #datapoints = 7
        residuals are weighted equally (unit weight)

function used for fitting: g(x)
	g(x) = (x/s)**3+s0
fitted parameters initialized with current variable values

iter      chisq       delta/lim  lambda   s             s0           
   0 1.1495601970e+13   0.00e+00  2.71e+06    1.000000e+00   1.000000e+00
  24 6.5770018559e-05  -1.20e-05  2.71e-18    2.509211e+02   1.624937e-02

After 24 iterations the fit converged.
final sum of squares of residuals : 6.577e-05
rel. change during last iteration : -1.19953e-10

degrees of freedom    (FIT_NDF)                        : 5
rms of residuals      (FIT_STDFIT) = sqrt(WSSR/ndf)    : 0.00362684
variance of residuals (reduced chisquare) = WSSR/ndf   : 1.3154e-05

Final set of parameters            Asymptotic Standard Error
=======================            ==========================
s               = 250.921          +/- 2.914        (1.162%)
s0              = 0.0162494        +/- 0.002821     (17.36%)

correlation matrix of the fit parameters:
                s      s0     
s               1.000 
s0              0.874  1.000 


*******************************************************************************
Tue Jun 16 12:39:46 2020


FIT:    data read from "rot1.txt"
        format = z
        #datapoints = 7
        residuals are weighted equally (unit weight)

function used for fitting: f(x)
	f(x) = (x/c)**3+c0
fitted parameters initialized with current variable values

iter      chisq       delta/lim  lambda   c             c0           
   0 1.0881819161e+13   0.00e+00  2.71e+06    1.000000e+00   1.000000e+00
  11 4.4471827122e+06  -1.50e-04  2.71e-05    3.632162e+00   9.090714e+03

After 11 iterations the fit converged.
final sum of squares of residuals : 4.44718e+06
rel. change during last iteration : -1.49858e-09

degrees of freedom    (FIT_NDF)                        : 5
rms of residuals      (FIT_STDFIT) = sqrt(WSSR/ndf)    : 943.099
variance of residuals (reduced chisquare) = WSSR/ndf   : 889437

Final set of parameters            Asymptotic Standard Error
=======================            ==========================
c               = 3.63216          +/- 0.03327      (0.9161%)
c0              = 9090.71          +/- 733.5        (8.069%)

correlation matrix of the fit parameters:
                c      c0     
c               1.000 
c0              0.874  1.000 


*******************************************************************************
Tue Jun 16 12:39:46 2020


FIT:    data read from "rot2.txt"
        format = z
        #datapoints = 7
        residuals are weighted equally (unit weight)

function used for fitting: g(x)
	g(x) = (x/s)**3+s0
fitted parameters initialized with current variable values

iter      chisq       delta/lim  lambda   s             s0           
   0 1.0594405465e+13   0.00e+00  2.71e+06    1.000000e+00   1.000000e+00
  11 1.3748977903e+07  -4.61e-05  2.71e-05    3.146563e+00   1.159704e+04

After 11 iterations the fit converged.
final sum of squares of residuals : 1.3749e+07
rel. change during last iteration : -4.61169e-10

degrees of freedom    (FIT_NDF)                        : 5
rms of residuals      (FIT_STDFIT) = sqrt(WSSR/ndf)    : 1658.25
variance of residuals (reduced chisquare) = WSSR/ndf   : 2.7498e+06

Final set of parameters            Asymptotic Standard Error
=======================            ==========================
s               = 3.14656          +/- 0.03295      (1.047%)
s0              = 11597            +/- 1290         (11.12%)

correlation matrix of the fit parameters:
                s      s0     
s               1.000 
s0              0.874  1.000 


*******************************************************************************
Tue Jun 16 12:39:46 2020


FIT:    data read from "time1.txt"
        format = z
        #datapoints = 7
        residuals are weighted equally (unit weight)

function used for fitting: f(x)
	f(x) = (x/c)**3+c0
fitted parameters initialized with current variable values

iter      chisq       delta/lim  lambda   c             c0           
   0 1.1495602406e+13   0.00e+00  2.71e+06    1.000000e+00   1.000000e+00
  24 3.2117256617e-04  -1.21e-05  2.71e-18    2.815485e+02   1.553107e-02

After 24 iterations the fit converged.
final sum of squares of residuals : 0.000321173
rel. change during last iteration : -1.2095e-10

degrees of freedom    (FIT_NDF)                        : 5
rms of residuals      (FIT_STDFIT) = sqrt(WSSR/ndf)    : 0.00801464
variance of residuals (reduced chisquare) = WSSR/ndf   : 6.42345e-05

Final set of parameters            Asymptotic Standard Error
=======================            ==========================
c               = 281.548          +/- 10.21        (3.626%)
c0              = 0.0155311        +/- 0.006234     (40.14%)

correlation matrix of the fit parameters:
                c      c0     
c               1.000 
c0              0.874  1.000 


*******************************************************************************
Tue Jun 16 12:39:46 2020


FIT:    data read from "time2.txt"
        format = z
        #datapoints = 7
        residuals are weighted equally (unit weight)

function used for fitting: g(x)
	g(x) = (x/s)**3+s0
fitted parameters initialized with current variable values

iter      chisq       delta/lim  lambda   s             s0           
   0 1.1495601970e+13   0.00e+00  2.71e+06    1.000000e+00   1.000000e+00
  24 6.5770018559e-05  -1.20e-05  2.71e-18    2.509211e+02   1.624937e-02

After 24 iterations the fit converged.
final sum of squares of residuals : 6.577e-05
rel. change during last iteration : -1.19953e-10

degrees of freedom    (FIT_NDF)                        : 5
rms of residuals      (FIT_STDFIT) = sqrt(WSSR/ndf)    : 0.00362684
variance of residuals (reduced chisquare) = WSSR/ndf   : 1.3154e-05

Final set of parameters            Asymptotic Standard Error
=======================            ==========================
s               = 250.921          +/- 2.914        (1.162%)
s0              = 0.0162494        +/- 0.002821     (17.36%)

correlation matrix of the fit parameters:
                s      s0     
s               1.000 
s0              0.874  1.000 
