

*******************************************************************************
Wed Jun 17 21:07:33 2020


FIT:    data read from "data.txt" using 1:3
        format = x:z
        #datapoints = 999
        residuals are weighted equally (unit weight)

function used for fitting: f(x)
	f(x) = A/sqrt(x)
fitted parameters initialized with current variable values

iter      chisq       delta/lim  lambda   A            
   0 1.6873645010e-01   0.00e+00  2.74e-02    1.000000e+00
   3 9.4305809738e-04  -1.85e-09  2.74e-05    5.265143e-01

After 3 iterations the fit converged.
final sum of squares of residuals : 0.000943058
rel. change during last iteration : -1.85096e-14

degrees of freedom    (FIT_NDF)                        : 998
rms of residuals      (FIT_STDFIT) = sqrt(WSSR/ndf)    : 0.000972084
variance of residuals (reduced chisquare) = WSSR/ndf   : 9.44948e-07

Final set of parameters            Asymptotic Standard Error
=======================            ==========================
A               = 0.526514         +/- 0.001124     (0.2134%)


*******************************************************************************
Wed Jun 17 21:08:00 2020


FIT:    data read from "data.txt" using 1:3
        format = x:z
        #datapoints = 999
        residuals are weighted equally (unit weight)

function used for fitting: f(x)
	f(x) = A/sqrt(x)
fitted parameters initialized with current variable values

iter      chisq       delta/lim  lambda   A            
   0 1.6873645010e-01   0.00e+00  2.74e-02    1.000000e+00
   3 9.4305809738e-04  -1.85e-09  2.74e-05    5.265143e-01

After 3 iterations the fit converged.
final sum of squares of residuals : 0.000943058
rel. change during last iteration : -1.85096e-14

degrees of freedom    (FIT_NDF)                        : 998
rms of residuals      (FIT_STDFIT) = sqrt(WSSR/ndf)    : 0.000972084
variance of residuals (reduced chisquare) = WSSR/ndf   : 9.44948e-07

Final set of parameters            Asymptotic Standard Error
=======================            ==========================
A               = 0.526514         +/- 0.001124     (0.2134%)
