

*******************************************************************************
Tue Jun 16 17:20:34 2020


FIT:    data read from "rot1.txt"
        format = z
        #datapoints = 7
        residuals are weighted equally (unit weight)

function used for fitting: f(x)
	f(x) = (x/c)**3+c0
fitted parameters initialized with current variable values

iter      chisq       delta/lim  lambda   c             c0           
   0 1.0884731659e+13   0.00e+00  2.71e+06    1.000000e+00   1.000000e+00
  11 8.5875270540e+06  -9.76e-05  2.71e-05    3.659774e+00   9.588495e+03

After 11 iterations the fit converged.
final sum of squares of residuals : 8.58753e+06
rel. change during last iteration : -9.7639e-10

degrees of freedom    (FIT_NDF)                        : 5
rms of residuals      (FIT_STDFIT) = sqrt(WSSR/ndf)    : 1310.54
variance of residuals (reduced chisquare) = WSSR/ndf   : 1.71751e+06

Final set of parameters            Asymptotic Standard Error
=======================            ==========================
c               = 3.65977          +/- 0.04766      (1.302%)
c0              = 9588.5           +/- 1019         (10.63%)

correlation matrix of the fit parameters:
                c      c0     
c               1.000 
c0              0.874  1.000 


*******************************************************************************
Tue Jun 16 17:20:34 2020


FIT:    data read from "rot2.txt"
        format = z
        #datapoints = 7
        residuals are weighted equally (unit weight)

function used for fitting: g(x)
	g(x) = (x/s)**3+s0
fitted parameters initialized with current variable values

iter      chisq       delta/lim  lambda   s             s0           
   0 1.0629913315e+13   0.00e+00  2.71e+06    1.000000e+00   1.000000e+00
  11 1.4934434485e+07  -1.25e-04  2.71e-05    3.263430e+00   1.412482e+04

After 11 iterations the fit converged.
final sum of squares of residuals : 1.49344e+07
rel. change during last iteration : -1.24768e-09

degrees of freedom    (FIT_NDF)                        : 5
rms of residuals      (FIT_STDFIT) = sqrt(WSSR/ndf)    : 1728.26
variance of residuals (reduced chisquare) = WSSR/ndf   : 2.98689e+06

Final set of parameters            Asymptotic Standard Error
=======================            ==========================
s               = 3.26343          +/- 0.03974      (1.218%)
s0              = 14124.8          +/- 1344         (9.516%)

correlation matrix of the fit parameters:
                s      s0     
s               1.000 
s0              0.874  1.000 


*******************************************************************************
Tue Jun 16 17:20:35 2020


FIT:    data read from "time1.txt"
        format = z
        #datapoints = 7
        residuals are weighted equally (unit weight)

function used for fitting: f(x)
	f(x) = (x/c)**3+c0
fitted parameters initialized with current variable values

iter      chisq       delta/lim  lambda   c             c0           
   0 1.1495602547e+13   0.00e+00  2.71e+06    1.000000e+00   1.000000e+00
  24 2.0879505140e-04  -1.65e-03  2.71e-18    3.047172e+02   2.041533e-02

After 24 iterations the fit converged.
final sum of squares of residuals : 0.000208795
rel. change during last iteration : -1.65386e-08

degrees of freedom    (FIT_NDF)                        : 5
rms of residuals      (FIT_STDFIT) = sqrt(WSSR/ndf)    : 0.00646212
variance of residuals (reduced chisquare) = WSSR/ndf   : 4.1759e-05

Final set of parameters            Asymptotic Standard Error
=======================            ==========================
c               = 304.717          +/- 11.29        (3.706%)
c0              = 0.0204153        +/- 0.005026     (24.62%)

correlation matrix of the fit parameters:
                c      c0     
c               1.000 
c0              0.874  1.000 


*******************************************************************************
Tue Jun 16 17:20:35 2020


FIT:    data read from "time2.txt"
        format = z
        #datapoints = 7
        residuals are weighted equally (unit weight)

function used for fitting: g(x)
	g(x) = (x/s)**3+s0
fitted parameters initialized with current variable values

iter      chisq       delta/lim  lambda   s             s0           
   0 1.1495601828e+13   0.00e+00  2.71e+06    1.000000e+00   1.000000e+00
  23 4.8152181944e-04  -5.89e-02  2.71e-17    2.392882e+02   1.111345e-02

After 23 iterations the fit converged.
final sum of squares of residuals : 0.000481522
rel. change during last iteration : -5.89469e-07

degrees of freedom    (FIT_NDF)                        : 5
rms of residuals      (FIT_STDFIT) = sqrt(WSSR/ndf)    : 0.00981348
variance of residuals (reduced chisquare) = WSSR/ndf   : 9.63044e-05

Final set of parameters            Asymptotic Standard Error
=======================            ==========================
s               = 239.288          +/- 6.522        (2.726%)
s0              = 0.0111134        +/- 0.007633     (68.68%)

correlation matrix of the fit parameters:
                s      s0     
s               1.000 
s0              0.874  1.000 
