

*******************************************************************************
Fri May  8 11:43:51 2020


FIT:    data read from "out.txt" using 1:3
        format = x:z
        #datapoints = 999
        residuals are weighted equally (unit weight)

function used for fitting: f(x)
	f(x) = A/sqrt(x)
fitted parameters initialized with current variable values

iter      chisq       delta/lim  lambda   A            
   0 1.7899013071e-01   0.00e+00  2.74e-02    1.000000e+00
   3 1.2225693382e-03  -1.40e-09  2.74e-05    5.126447e-01

After 3 iterations the fit converged.
final sum of squares of residuals : 0.00122257
rel. change during last iteration : -1.40118e-14

degrees of freedom    (FIT_NDF)                        : 998
rms of residuals      (FIT_STDFIT) = sqrt(WSSR/ndf)    : 0.00110681
variance of residuals (reduced chisquare) = WSSR/ndf   : 1.22502e-06

Final set of parameters            Asymptotic Standard Error
=======================            ==========================
A               = 0.512645         +/- 0.001279     (0.2496%)


*******************************************************************************
Fri May  8 11:44:33 2020


FIT:    data read from "out.txt" using 1:3
        format = x:z
        #datapoints = 999
        residuals are weighted equally (unit weight)

function used for fitting: f(x)
	f(x) = A/sqrt(x)
fitted parameters initialized with current variable values

iter      chisq       delta/lim  lambda   A            
   0 1.7899013071e-01   0.00e+00  2.74e-02    1.000000e+00
   3 1.2225693382e-03  -1.40e-09  2.74e-05    5.126447e-01

After 3 iterations the fit converged.
final sum of squares of residuals : 0.00122257
rel. change during last iteration : -1.40118e-14

degrees of freedom    (FIT_NDF)                        : 998
rms of residuals      (FIT_STDFIT) = sqrt(WSSR/ndf)    : 0.00110681
variance of residuals (reduced chisquare) = WSSR/ndf   : 1.22502e-06

Final set of parameters            Asymptotic Standard Error
=======================            ==========================
A               = 0.512645         +/- 0.001279     (0.2496%)


*******************************************************************************
Fri May  8 11:45:16 2020


FIT:    data read from "out.txt" using 1:3
        format = x:z
        #datapoints = 999
        residuals are weighted equally (unit weight)

function used for fitting: f(x)
	f(x) = A/sqrt(x)
fitted parameters initialized with current variable values

iter      chisq       delta/lim  lambda   A            
   0 1.7899013071e-01   0.00e+00  2.74e-02    1.000000e+00
   3 1.2225693382e-03  -1.40e-09  2.74e-05    5.126447e-01

After 3 iterations the fit converged.
final sum of squares of residuals : 0.00122257
rel. change during last iteration : -1.40118e-14

degrees of freedom    (FIT_NDF)                        : 998
rms of residuals      (FIT_STDFIT) = sqrt(WSSR/ndf)    : 0.00110681
variance of residuals (reduced chisquare) = WSSR/ndf   : 1.22502e-06

Final set of parameters            Asymptotic Standard Error
=======================            ==========================
A               = 0.512645         +/- 0.001279     (0.2496%)


*******************************************************************************
Fri May  8 11:46:32 2020


FIT:    data read from "out.txt" using 1:3
        format = x:z
        #datapoints = 999
        residuals are weighted equally (unit weight)

function used for fitting: f(x)
	f(x) = A/sqrt(x)
fitted parameters initialized with current variable values

iter      chisq       delta/lim  lambda   A            
   0 1.7899013071e-01   0.00e+00  2.74e-02    1.000000e+00
   3 1.2225693382e-03  -1.40e-09  2.74e-05    5.126447e-01

After 3 iterations the fit converged.
final sum of squares of residuals : 0.00122257
rel. change during last iteration : -1.40118e-14

degrees of freedom    (FIT_NDF)                        : 998
rms of residuals      (FIT_STDFIT) = sqrt(WSSR/ndf)    : 0.00110681
variance of residuals (reduced chisquare) = WSSR/ndf   : 1.22502e-06

Final set of parameters            Asymptotic Standard Error
=======================            ==========================
A               = 0.512645         +/- 0.001279     (0.2496%)


*******************************************************************************
Fri May  8 11:46:52 2020


FIT:    data read from "out.txt" using 1:3
        format = x:z
        #datapoints = 999
        residuals are weighted equally (unit weight)

function used for fitting: f(x)
	f(x) = A/sqrt(x)
fitted parameters initialized with current variable values

iter      chisq       delta/lim  lambda   A            
   0 1.7899013071e-01   0.00e+00  2.74e-02    1.000000e+00
   3 1.2225693382e-03  -1.40e-09  2.74e-05    5.126447e-01

After 3 iterations the fit converged.
final sum of squares of residuals : 0.00122257
rel. change during last iteration : -1.40118e-14

degrees of freedom    (FIT_NDF)                        : 998
rms of residuals      (FIT_STDFIT) = sqrt(WSSR/ndf)    : 0.00110681
variance of residuals (reduced chisquare) = WSSR/ndf   : 1.22502e-06

Final set of parameters            Asymptotic Standard Error
=======================            ==========================
A               = 0.512645         +/- 0.001279     (0.2496%)


*******************************************************************************
Fri May  8 11:47:17 2020


FIT:    data read from "out.txt" using 1:3
        format = x:z
        #datapoints = 999
        residuals are weighted equally (unit weight)

function used for fitting: f(x)
	f(x) = A/sqrt(x)
fitted parameters initialized with current variable values

iter      chisq       delta/lim  lambda   A            
   0 1.7899013071e-01   0.00e+00  2.74e-02    1.000000e+00
   3 1.2225693382e-03  -1.40e-09  2.74e-05    5.126447e-01

After 3 iterations the fit converged.
final sum of squares of residuals : 0.00122257
rel. change during last iteration : -1.40118e-14

degrees of freedom    (FIT_NDF)                        : 998
rms of residuals      (FIT_STDFIT) = sqrt(WSSR/ndf)    : 0.00110681
variance of residuals (reduced chisquare) = WSSR/ndf   : 1.22502e-06

Final set of parameters            Asymptotic Standard Error
=======================            ==========================
A               = 0.512645         +/- 0.001279     (0.2496%)


*******************************************************************************
Fri May  8 11:49:30 2020


FIT:    data read from "out.txt" using 1:3
        format = x:z
        #datapoints = 999
        residuals are weighted equally (unit weight)

function used for fitting: f(x)
	f(x) = A/sqrt(x)
fitted parameters initialized with current variable values

iter      chisq       delta/lim  lambda   A            
   0 1.7899013071e-01   0.00e+00  2.74e-02    1.000000e+00
   3 1.2225693382e-03  -1.40e-09  2.74e-05    5.126447e-01

After 3 iterations the fit converged.
final sum of squares of residuals : 0.00122257
rel. change during last iteration : -1.40118e-14

degrees of freedom    (FIT_NDF)                        : 998
rms of residuals      (FIT_STDFIT) = sqrt(WSSR/ndf)    : 0.00110681
variance of residuals (reduced chisquare) = WSSR/ndf   : 1.22502e-06

Final set of parameters            Asymptotic Standard Error
=======================            ==========================
A               = 0.512645         +/- 0.001279     (0.2496%)


*******************************************************************************
Fri May  8 11:49:47 2020


FIT:    data read from "out.txt" using 1:3
        format = x:z
        #datapoints = 999
        residuals are weighted equally (unit weight)

function used for fitting: f(x)
	f(x) = A/sqrt(x)
fitted parameters initialized with current variable values

iter      chisq       delta/lim  lambda   A            
   0 1.7899013071e-01   0.00e+00  2.74e-02    1.000000e+00
   3 1.2225693382e-03  -1.40e-09  2.74e-05    5.126447e-01

After 3 iterations the fit converged.
final sum of squares of residuals : 0.00122257
rel. change during last iteration : -1.40118e-14

degrees of freedom    (FIT_NDF)                        : 998
rms of residuals      (FIT_STDFIT) = sqrt(WSSR/ndf)    : 0.00110681
variance of residuals (reduced chisquare) = WSSR/ndf   : 1.22502e-06

Final set of parameters            Asymptotic Standard Error
=======================            ==========================
A               = 0.512645         +/- 0.001279     (0.2496%)


*******************************************************************************
Fri May  8 11:50:25 2020


FIT:    data read from "out.txt" using 1:3
        format = x:z
        #datapoints = 999
        residuals are weighted equally (unit weight)

function used for fitting: f(x)
	f(x) = A/sqrt(x)
fitted parameters initialized with current variable values

iter      chisq       delta/lim  lambda   A            
   0 1.7899013071e-01   0.00e+00  2.74e-02    1.000000e+00
   3 1.2225693382e-03  -1.40e-09  2.74e-05    5.126447e-01

After 3 iterations the fit converged.
final sum of squares of residuals : 0.00122257
rel. change during last iteration : -1.40118e-14

degrees of freedom    (FIT_NDF)                        : 998
rms of residuals      (FIT_STDFIT) = sqrt(WSSR/ndf)    : 0.00110681
variance of residuals (reduced chisquare) = WSSR/ndf   : 1.22502e-06

Final set of parameters            Asymptotic Standard Error
=======================            ==========================
A               = 0.512645         +/- 0.001279     (0.2496%)


*******************************************************************************
Fri May  8 11:50:58 2020


FIT:    data read from "out.txt" using 1:3
        format = x:z
        #datapoints = 999
        residuals are weighted equally (unit weight)

function used for fitting: f(x)
	f(x) = A/sqrt(x)
fitted parameters initialized with current variable values

iter      chisq       delta/lim  lambda   A            
   0 1.7899013071e-01   0.00e+00  2.74e-02    1.000000e+00
   3 1.2225693382e-03  -1.40e-09  2.74e-05    5.126447e-01

After 3 iterations the fit converged.
final sum of squares of residuals : 0.00122257
rel. change during last iteration : -1.40118e-14

degrees of freedom    (FIT_NDF)                        : 998
rms of residuals      (FIT_STDFIT) = sqrt(WSSR/ndf)    : 0.00110681
variance of residuals (reduced chisquare) = WSSR/ndf   : 1.22502e-06

Final set of parameters            Asymptotic Standard Error
=======================            ==========================
A               = 0.512645         +/- 0.001279     (0.2496%)


*******************************************************************************
Fri May  8 11:51:31 2020


FIT:    data read from "out.txt" using 1:3
        format = x:z
        #datapoints = 999
        residuals are weighted equally (unit weight)

function used for fitting: f(x)
	f(x) = A/sqrt(x)
fitted parameters initialized with current variable values

iter      chisq       delta/lim  lambda   A            
   0 1.7899013071e-01   0.00e+00  2.74e-02    1.000000e+00
   3 1.2225693382e-03  -1.40e-09  2.74e-05    5.126447e-01

After 3 iterations the fit converged.
final sum of squares of residuals : 0.00122257
rel. change during last iteration : -1.40118e-14

degrees of freedom    (FIT_NDF)                        : 998
rms of residuals      (FIT_STDFIT) = sqrt(WSSR/ndf)    : 0.00110681
variance of residuals (reduced chisquare) = WSSR/ndf   : 1.22502e-06

Final set of parameters            Asymptotic Standard Error
=======================            ==========================
A               = 0.512645         +/- 0.001279     (0.2496%)


*******************************************************************************
Fri May  8 11:52:54 2020


FIT:    data read from "out.txt" using 1:3
        format = x:z
        #datapoints = 999
        residuals are weighted equally (unit weight)

function used for fitting: f(x)
	f(x) = A/sqrt(x)
fitted parameters initialized with current variable values

iter      chisq       delta/lim  lambda   A            
   0 1.7899013071e-01   0.00e+00  2.74e-02    1.000000e+00
   3 1.2225693382e-03  -1.40e-09  2.74e-05    5.126447e-01

After 3 iterations the fit converged.
final sum of squares of residuals : 0.00122257
rel. change during last iteration : -1.40118e-14

degrees of freedom    (FIT_NDF)                        : 998
rms of residuals      (FIT_STDFIT) = sqrt(WSSR/ndf)    : 0.00110681
variance of residuals (reduced chisquare) = WSSR/ndf   : 1.22502e-06

Final set of parameters            Asymptotic Standard Error
=======================            ==========================
A               = 0.512645         +/- 0.001279     (0.2496%)


*******************************************************************************
Fri May  8 11:53:15 2020


FIT:    data read from "out.txt" using 1:3
        format = x:z
        #datapoints = 999
        residuals are weighted equally (unit weight)

function used for fitting: f(x)
	f(x) = A/sqrt(x)
fitted parameters initialized with current variable values

iter      chisq       delta/lim  lambda   A            
   0 1.7899013071e-01   0.00e+00  2.74e-02    1.000000e+00
   3 1.2225693382e-03  -1.40e-09  2.74e-05    5.126447e-01

After 3 iterations the fit converged.
final sum of squares of residuals : 0.00122257
rel. change during last iteration : -1.40118e-14

degrees of freedom    (FIT_NDF)                        : 998
rms of residuals      (FIT_STDFIT) = sqrt(WSSR/ndf)    : 0.00110681
variance of residuals (reduced chisquare) = WSSR/ndf   : 1.22502e-06

Final set of parameters            Asymptotic Standard Error
=======================            ==========================
A               = 0.512645         +/- 0.001279     (0.2496%)


*******************************************************************************
Fri May  8 11:54:02 2020


FIT:    data read from "out.txt" using 1:3
        format = x:z
        #datapoints = 999
        residuals are weighted equally (unit weight)

function used for fitting: f(x)
	f(x) = A/sqrt(x)
fitted parameters initialized with current variable values

iter      chisq       delta/lim  lambda   A            
   0 1.7899013071e-01   0.00e+00  2.74e-02    1.000000e+00
   3 1.2225693382e-03  -1.40e-09  2.74e-05    5.126447e-01

After 3 iterations the fit converged.
final sum of squares of residuals : 0.00122257
rel. change during last iteration : -1.40118e-14

degrees of freedom    (FIT_NDF)                        : 998
rms of residuals      (FIT_STDFIT) = sqrt(WSSR/ndf)    : 0.00110681
variance of residuals (reduced chisquare) = WSSR/ndf   : 1.22502e-06

Final set of parameters            Asymptotic Standard Error
=======================            ==========================
A               = 0.512645         +/- 0.001279     (0.2496%)


*******************************************************************************
Fri May  8 11:54:26 2020


FIT:    data read from "out.txt" using 1:3
        format = x:z
        #datapoints = 999
        residuals are weighted equally (unit weight)

function used for fitting: f(x)
	f(x) = A/sqrt(x)
fitted parameters initialized with current variable values

iter      chisq       delta/lim  lambda   A            
   0 1.7899013071e-01   0.00e+00  2.74e-02    1.000000e+00
   3 1.2225693382e-03  -1.40e-09  2.74e-05    5.126447e-01

After 3 iterations the fit converged.
final sum of squares of residuals : 0.00122257
rel. change during last iteration : -1.40118e-14

degrees of freedom    (FIT_NDF)                        : 998
rms of residuals      (FIT_STDFIT) = sqrt(WSSR/ndf)    : 0.00110681
variance of residuals (reduced chisquare) = WSSR/ndf   : 1.22502e-06

Final set of parameters            Asymptotic Standard Error
=======================            ==========================
A               = 0.512645         +/- 0.001279     (0.2496%)


*******************************************************************************
Fri May  8 11:54:41 2020


FIT:    data read from "out.txt" using 1:3
        format = x:z
        #datapoints = 999
        residuals are weighted equally (unit weight)

function used for fitting: f(x)
	f(x) = A/sqrt(x)
fitted parameters initialized with current variable values

iter      chisq       delta/lim  lambda   A            
   0 1.7899013071e-01   0.00e+00  2.74e-02    1.000000e+00
   3 1.2225693382e-03  -1.40e-09  2.74e-05    5.126447e-01

After 3 iterations the fit converged.
final sum of squares of residuals : 0.00122257
rel. change during last iteration : -1.40118e-14

degrees of freedom    (FIT_NDF)                        : 998
rms of residuals      (FIT_STDFIT) = sqrt(WSSR/ndf)    : 0.00110681
variance of residuals (reduced chisquare) = WSSR/ndf   : 1.22502e-06

Final set of parameters            Asymptotic Standard Error
=======================            ==========================
A               = 0.512645         +/- 0.001279     (0.2496%)


*******************************************************************************
Fri May  8 11:54:51 2020


FIT:    data read from "out.txt" using 1:3
        format = x:z
        #datapoints = 999
        residuals are weighted equally (unit weight)

function used for fitting: f(x)
	f(x) = A/sqrt(x)
fitted parameters initialized with current variable values

iter      chisq       delta/lim  lambda   A            
   0 1.7899013071e-01   0.00e+00  2.74e-02    1.000000e+00
   3 1.2225693382e-03  -1.40e-09  2.74e-05    5.126447e-01

After 3 iterations the fit converged.
final sum of squares of residuals : 0.00122257
rel. change during last iteration : -1.40118e-14

degrees of freedom    (FIT_NDF)                        : 998
rms of residuals      (FIT_STDFIT) = sqrt(WSSR/ndf)    : 0.00110681
variance of residuals (reduced chisquare) = WSSR/ndf   : 1.22502e-06

Final set of parameters            Asymptotic Standard Error
=======================            ==========================
A               = 0.512645         +/- 0.001279     (0.2496%)
